<?xml version="1.0" encoding="UTF-8"?>
<testng-results skipped="1" failed="0" ignored="0" total="3" passed="2">
  <reporter-output>
  </reporter-output>
  <suite name="Suite" duration-ms="52652" started-at="2022-03-31T17:49:04 IST" finished-at="2022-03-31T17:49:57 IST">
    <groups>
    </groups>
    <test name="Test" duration-ms="52652" started-at="2022-03-31T17:49:04 IST" finished-at="2022-03-31T17:49:57 IST">
      <class name="TestLeaf.TestLeaf">
        <test-method status="PASS" signature="setfilename()[pri:0, instance:TestLeaf.TestLeaf@3d8314f0]" name="setfilename" is-config="true" duration-ms="21" started-at="2022-03-31T17:49:04 IST" finished-at="2022-03-31T17:49:04 IST">
          <reporter-output>
          </reporter-output>
        </test-method> <!-- setfilename -->
        <test-method status="PASS" signature="startapp()[pri:0, instance:TestLeaf.TestLeaf@3d8314f0]" name="startapp" is-config="true" duration-ms="10171" started-at="2022-03-31T17:49:06 IST" finished-at="2022-03-31T17:49:16 IST">
          <reporter-output>
          </reporter-output>
        </test-method> <!-- startapp -->
        <test-method status="PASS" signature="runLogin([Ljava.lang.String;)[pri:0, instance:TestLeaf.TestLeaf@3d8314f0]" name="runLogin" duration-ms="15204" started-at="2022-03-31T17:49:16 IST" data-provider="getData" finished-at="2022-03-31T17:49:31 IST">
          <params>
            <param index="0">
              <value>
                <![CDATA[[Ljava.lang.String;@525f1e4e]]>
              </value>
            </param>
          </params>
          <reporter-output>
          </reporter-output>
        </test-method> <!-- runLogin -->
        <test-method status="PASS" signature="closeapp()[pri:0, instance:TestLeaf.TestLeaf@3d8314f0]" name="closeapp" is-config="true" duration-ms="0" started-at="2022-03-31T17:49:31 IST" finished-at="2022-03-31T17:49:31 IST">
          <reporter-output>
          </reporter-output>
        </test-method> <!-- closeapp -->
        <test-method status="PASS" signature="startapp()[pri:0, instance:TestLeaf.TestLeaf@3d8314f0]" name="startapp" is-config="true" duration-ms="7717" started-at="2022-03-31T17:49:31 IST" finished-at="2022-03-31T17:49:39 IST">
          <reporter-output>
          </reporter-output>
        </test-method> <!-- startapp -->
        <test-method status="PASS" signature="runLogin([Ljava.lang.String;)[pri:0, instance:TestLeaf.TestLeaf@3d8314f0]" name="runLogin" duration-ms="18149" started-at="2022-03-31T17:49:39 IST" data-provider="getData" finished-at="2022-03-31T17:49:57 IST">
          <params>
            <param index="0">
              <value>
                <![CDATA[[Ljava.lang.String;@75f9eccc]]>
              </value>
            </param>
          </params>
          <reporter-output>
          </reporter-output>
        </test-method> <!-- runLogin -->
        <test-method status="PASS" signature="closeapp()[pri:0, instance:TestLeaf.TestLeaf@3d8314f0]" name="closeapp" is-config="true" duration-ms="1" started-at="2022-03-31T17:49:57 IST" finished-at="2022-03-31T17:49:57 IST">
          <reporter-output>
          </reporter-output>
        </test-method> <!-- closeapp -->
      </class> <!-- TestLeaf.TestLeaf -->
      <class name="TestLeaf.TestLeaf2">
        <test-method status="PASS" signature="setfilename()[pri:0, instance:TestLeaf.TestLeaf2@dbd940d]" name="setfilename" is-config="true" duration-ms="0" started-at="2022-03-31T17:49:04 IST" finished-at="2022-03-31T17:49:04 IST">
          <reporter-output>
          </reporter-output>
        </test-method> <!-- setfilename -->
        <test-method status="SKIP" signature="runLogin([Ljava.lang.String;)[pri:0, instance:TestLeaf.TestLeaf2@dbd940d]" name="runLogin" duration-ms="0" started-at="2022-03-31T17:49:05 IST" data-provider="getData" finished-at="2022-03-31T17:49:05 IST">
          <exception class="java.lang.RuntimeException">
            <message>
              <![CDATA[java.lang.NullPointerException]]>
            </message>
            <full-stacktrace>
              <![CDATA[java.lang.RuntimeException: java.lang.NullPointerException
at org.testng.internal.MethodInvocationHelper.invokeMethodNoCheckedException(MethodInvocationHelper.java:50)
at org.testng.internal.MethodInvocationHelper.invokeDataProvider(MethodInvocationHelper.java:146)
at org.testng.internal.Parameters.handleParameters(Parameters.java:798)
at org.testng.internal.Parameters.handleParameters(Parameters.java:740)
at org.testng.internal.ParameterHandler.handleParameters(ParameterHandler.java:59)
at org.testng.internal.ParameterHandler.createParameters(ParameterHandler.java:38)
at org.testng.internal.TestInvoker$MethodInvocationAgent.invoke(TestInvoker.java:791)
at org.testng.internal.TestInvoker.invokeTestMethods(TestInvoker.java:146)
at org.testng.internal.TestMethodWorker.invokeTestMethods(TestMethodWorker.java:146)
at org.testng.internal.TestMethodWorker.run(TestMethodWorker.java:128)
at java.util.concurrent.ThreadPoolExecutor.runWorker(ThreadPoolExecutor.java:1149)
at java.util.concurrent.ThreadPoolExecutor$Worker.run(ThreadPoolExecutor.java:624)
at java.lang.Thread.run(Thread.java:748)
Caused by: java.lang.NullPointerException
at ReadDataFrmExcel.PomReadExcel.getPOmExcel(PomReadExcel.java:28)
at PomBase.BaseClass.getDat(BaseClass.java:29)
at sun.reflect.NativeMethodAccessorImpl.invoke0(Native Method)
at sun.reflect.NativeMethodAccessorImpl.invoke(NativeMethodAccessorImpl.java:62)
at sun.reflect.DelegatingMethodAccessorImpl.invoke(DelegatingMethodAccessorImpl.java:43)
at java.lang.reflect.Method.invoke(Method.java:498)
at org.testng.internal.MethodInvocationHelper.invokeMethod(MethodInvocationHelper.java:133)
at org.testng.internal.MethodInvocationHelper.invokeMethod(MethodInvocationHelper.java:77)
at org.testng.internal.MethodInvocationHelper.invokeMethodNoCheckedException(MethodInvocationHelper.java:46)
... 12 more
]]>
            </full-stacktrace>
          </exception> <!-- java.lang.RuntimeException -->
          <reporter-output>
          </reporter-output>
        </test-method> <!-- runLogin -->
      </class> <!-- TestLeaf.TestLeaf2 -->
    </test> <!-- Test -->
  </suite> <!-- Suite -->
</testng-results>
