<?xml version="1.0" encoding="UTF-8"?>
<!-- Generated by org.testng.reporters.JUnitXMLReporter -->
<testsuite hostname="DESKTOP-5OKSROL" ignored="0" name="Test" tests="3" failures="0" timestamp="2022-03-31T17:49:57 IST" time="52.652" errors="0">
  <testcase name="runLogin" time="0.0" classname="TestLeaf.TestLeaf2">
    <skipped/>
  </testcase> <!-- runLogin -->
  <testcase name="runLogin" time="15.204" classname="TestLeaf.TestLeaf"/>
  <testcase name="runLogin" time="18.149" classname="TestLeaf.TestLeaf"/>
</testsuite> <!-- Test -->
